<?xml version="1.0" encoding="UTF-8"?>
<testsuite xmlns:xsi="http://www.w3.org/2001/XMLSchema-instance" xsi:noNamespaceSchemaLocation="https://maven.apache.org/surefire/maven-surefire-plugin/xsd/surefire-test-report-3.0.xsd" version="3.0" name="com.ontariotechu.sofe3980U.AppTest" time="0.136" tests="21" errors="0" skipped="0" failures="0">
  <properties>
[...]
</properties>
  <testcase name="testNextDate(int, int, int, int, String)[1]" classname="com.ontariotechu.sofe3980U.AppTest" time="0.043"/>
  <testcase name="testNextDate(int, int, int, int, String)[2]" classname="com.ontariotechu.sofe3980U.AppTest" time="0.001"/>
  <testcase name="testNextDate(int, int, int, int, String)[3]" classname="com.ontariotechu.sofe3980U.AppTest" time="0.001"/>
  <testcase name="testNextDate(int, int, int, int, String)[4]" classname="com.ontariotechu.sofe3980U.AppTest" time="0.001"/>
  <testcase name="testNextDate(int, int, int, int, String)[5]" classname="com.ontariotechu.sofe3980U.AppTest" time="0.001"/>
  <testcase name="testNextDate(int, int, int, int, String)[6]" classname="com.ontariotechu.sofe3980U.AppTest" time="0"/>
  <testcase name="testNextDate(int, int, int, int, String)[7]" classname="com.ontariotechu.sofe3980U.AppTest" time="0.001"/>
  <testcase name="testNextDate(int, int, int, int, String)[8]" classname="com.ontariotechu.sofe3980U.AppTest" time="0.001"/>
  <testcase name="testNextDate(int, int, int, int, String)[9]" classname="com.ontariotechu.sofe3980U.AppTest" time="0.001"/>
  <testcase name="testNextDate(int, int, int, int, String)[10]" classname="com.ontariotechu.sofe3980U.AppTest" time="0.001"/>
  <testcase name="testNextDate(int, int, int, int, String)[11]" classname="com.ontariotechu.sofe3980U.AppTest" time="0.001"/>
  <testcase name="testNextDate(int, int, int, int, String)[12]" classname="com.ontariotechu.sofe3980U.AppTest" time="0.001"/>
  <testcase name="testNextDate(int, int, int, int, String)[13]" classname="com.ontariotechu.sofe3980U.AppTest" time="0"/>
  <testcase name="testNextDate(int, int, int, int, String)[14]" classname="com.ontariotechu.sofe3980U.AppTest" time="0"/>
  <testcase name="testNextDate(int, int, int, int, String)[15]" classname="com.ontariotechu.sofe3980U.AppTest" time="0"/>
  <testcase name="testNextDate(int, int, int, int, String)[16]" classname="com.ontariotechu.sofe3980U.AppTest" time="0"/>
  <testcase name="testNextDate(int, int, int, int, String)[17]" classname="com.ontariotechu.sofe3980U.AppTest" time="0"/>
  <testcase name="testNextDate(int, int, int, int, String)[18]" classname="com.ontariotechu.sofe3980U.AppTest" time="0.001"/>
  <testcase name="testNextDate(int, int, int, int, String)[19]" classname="com.ontariotechu.sofe3980U.AppTest" time="0.001"/>
  <testcase name="testNextDate(int, int, int, int, String)[20]" classname="com.ontariotechu.sofe3980U.AppTest" time="0.001"/>
  <testcase name="testNextDate(int, int, int, int, String)[21]" classname="com.ontariotechu.sofe3980U.AppTest" time="0.001"/>
</testsuite>